<?xml version="1.0" encoding="UTF-8"?>
<!-- Generated by org.testng.reporters.JUnitReportReporter -->
<testsuite hostname="DESKTOP-UN73C2C" failures="0" tests="2" name="taransinghlearning.Tests.ErrorValidationsTest" time="19.478" errors="0" timestamp="2025-09-24T09:48:53 IST" skipped="0">
  <testcase classname="taransinghlearning.Tests.ErrorValidationsTest" name="productErrorValidation" time="16.112"/>
  <testcase classname="taransinghlearning.Tests.ErrorValidationsTest" name="loginErrorValidation" time="3.366"/>
</testsuite> <!-- taransinghlearning.Tests.ErrorValidationsTest -->
