<?xml version="1.0" encoding="UTF-8"?>
<!-- Generated by org.testng.reporters.JUnitReportReporter -->
<testsuite hostname="DESKTOP-UN73C2C" failures="0" tests="3" name="taransinghlearning.Tests.SubmitOrderTest" time="64.091" errors="0" timestamp="2025-09-20T11:34:10 IST" skipped="0">
  <testcase classname="taransinghlearning.Tests.SubmitOrderTest" name="submitOrder" time="27.490"/>
  <testcase classname="taransinghlearning.Tests.SubmitOrderTest" name="verifyOrder" time="5.530"/>
  <testcase classname="taransinghlearning.Tests.SubmitOrderTest" name="submitOrder" time="31.071"/>
</testsuite> <!-- taransinghlearning.Tests.SubmitOrderTest -->
