<?xml version="1.0" encoding="UTF-8"?>
<!-- Generated by org.testng.reporters.JUnitReportReporter -->
<testsuite hostname="DESKTOP-UN73C2C" failures="0" tests="1" name="cucumber.TestNGTestRunner" time="7.089" errors="0" timestamp="2025-10-02T23:40:05 IST" skipped="0">
  <testcase classname="cucumber.TestNGTestRunner" name="runScenario" time="7.089"/>
</testsuite> <!-- cucumber.TestNGTestRunner -->
