<?xml version="1.0" encoding="UTF-8"?>
<!-- Generated by org.testng.reporters.JUnitReportReporter -->
<testsuite hostname="DESKTOP-UN73C2C" failures="0" tests="1" name="taransinghlearning.Tests.StandAloneClassTEST" time="18.594" errors="0" timestamp="2025-08-31T16:36:03 IST" skipped="0">
  <testcase classname="taransinghlearning.Tests.StandAloneClassTEST" name="submitOrder" time="18.594"/>
</testsuite> <!-- taransinghlearning.Tests.StandAloneClassTEST -->
