<?xml version="1.0" encoding="UTF-8"?>
<!-- Generated by org.testng.reporters.JUnitReportReporter -->
<testsuite hostname="DESKTOP-UN73C2C" failures="0" tests="2" name="taransinghlearning.Tests.ErrorValidationsTest" time="39.904" errors="0" timestamp="2025-10-03T16:02:55 IST" skipped="0">
  <testcase classname="taransinghlearning.Tests.ErrorValidationsTest" name="loginErrorValidation" time="8.605"/>
  <testcase classname="taransinghlearning.Tests.ErrorValidationsTest" name="productErrorValidation" time="31.299"/>
</testsuite> <!-- taransinghlearning.Tests.ErrorValidationsTest -->
