<?xml version="1.0" encoding="UTF-8"?>
<!-- Generated by org.testng.reporters.JUnitReportReporter -->
<testsuite hostname="DESKTOP-UN73C2C" failures="0" tests="1" name="cucumber.TestNGTestRunner" time="34.899" errors="0" timestamp="2025-10-03T16:02:55 IST" skipped="0">
  <testcase classname="cucumber.TestNGTestRunner" name="runScenario" time="34.899"/>
</testsuite> <!-- cucumber.TestNGTestRunner -->
